sprint/build/app/intermediates/manifest_merge_blame_file/debug/manifest-merger-blame-debug-report.txt
1<?xml version="1.0" encoding="utf-8"?>
2<manifest xmlns:android="http://schemas.android.com/apk/res/android"
3    package="com.example.sprint"
4    android:versionCode="1"
5    android:versionName="1.0.0" >
6
7    <uses-sdk
8        android:minSdkVersion="19"
9        android:targetSdkVersion="31" />
10    <!--
11         The INTERNET permission is required for development. Specifically,
12         the Flutter tool needs it to communicate with the running application
13         to allow setting breakpoints, to provide hot reload, etc.
14    -->
15    <uses-permission android:name="android.permission.INTERNET" />
15-->src\debug\AndroidManifest.xml:7:5-66
15-->src\debug\AndroidManifest.xml:7:22-64
16    <uses-permission android:name="android.permission.WAKE_LOCK" />
16-->[:firebase_messaging] AndroidManifest.xml:10:5-68
16-->[:firebase_messaging] AndroidManifest.xml:10:22-65
17    <uses-permission android:name="android.permission.ACCESS_NETWORK_STATE" /> <!-- Permissions options for the `notification` group -->
17-->[:firebase_messaging] AndroidManifest.xml:11:5-79
17-->[:firebase_messaging] AndroidManifest.xml:11:22-76
18    <uses-permission android:name="android.permission.POST_NOTIFICATIONS" /> <!-- Required by older versions of Google Play services to create IID tokens -->
18-->[:firebase_messaging] AndroidManifest.xml:13:5-77
18-->[:firebase_messaging] AndroidManifest.xml:13:22-74
19    <uses-permission android:name="com.google.android.c2dm.permission.RECEIVE" />
19-->[com.google.firebase:firebase-messaging:23.0.7] AndroidManifest.xml:29:5-82
19-->[com.google.firebase:firebase-messaging:23.0.7] AndroidManifest.xml:29:22-79
20
21    <application
22        android:name="io.flutter.app.FlutterMultiDexApplication"
23        android:appComponentFactory="androidx.core.app.CoreComponentFactory"
23-->[androidx.core:core:1.6.0] AndroidManifest.xml:24:18-86
24        android:debuggable="true"
25        android:icon="@mipmap/ic_launcher"
26        android:label="sprint" >
27        <activity
28            android:name="com.example.sprint.MainActivity"
29            android:configChanges="orientation|keyboardHidden|keyboard|screenSize|smallestScreenSize|locale|layoutDirection|fontScale|screenLayout|density|uiMode"
30            android:exported="true"
31            android:hardwareAccelerated="true"
32            android:launchMode="singleTop"
33            android:theme="@style/LaunchTheme"
34            android:windowSoftInputMode="adjustResize" >
35
36            <!--
37                 Specifies an Android theme to apply to this Activity as soon as
38                 the Android process has started. This theme is visible to the user
39                 while the Flutter UI initializes. After that, this theme continues
40                 to determine the Window background behind the Flutter UI.
41            -->
42            <meta-data
43                android:name="io.flutter.embedding.android.NormalTheme"
44                android:resource="@style/NormalTheme" />
45
46            <intent-filter>
47                <action android:name="android.intent.action.MAIN" />
48
49                <category android:name="android.intent.category.LAUNCHER" />
50            </intent-filter>
51        </activity>
52        <!--
53             Don't delete the meta-data below.
54             This is used by the Flutter tool to generate GeneratedPluginRegistrant.java
55        -->
56        <meta-data
57            android:name="flutterEmbedding"
58            android:value="2" />
59
60        <service
60-->[:firebase_auth] AndroidManifest.xml:10:9-14:19
61            android:name="com.google.firebase.components.ComponentDiscoveryService"
61-->[:firebase_auth] AndroidManifest.xml:10:18-89
62            android:directBootAware="true"
62-->[com.google.firebase:firebase-common:20.1.1] AndroidManifest.xml:35:13-43
63            android:exported="false" >
63-->[com.google.firebase:firebase-auth:21.0.7] AndroidManifest.xml:66:13-37
64            <meta-data
64-->[:firebase_auth] AndroidManifest.xml:11:13-13:85
65                android:name="com.google.firebase.components:io.flutter.plugins.firebase.auth.FlutterFirebaseAuthRegistrar"
65-->[:firebase_auth] AndroidManifest.xml:12:17-124
66                android:value="com.google.firebase.components.ComponentRegistrar" />
66-->[:firebase_auth] AndroidManifest.xml:13:17-82
67            <meta-data
67-->[:cloud_firestore] AndroidManifest.xml:11:13-13:85
68                android:name="com.google.firebase.components:io.flutter.plugins.firebase.firestore.FlutterFirebaseFirestoreRegistrar"
68-->[:cloud_firestore] AndroidManifest.xml:12:17-134
69                android:value="com.google.firebase.components.ComponentRegistrar" />
69-->[:cloud_firestore] AndroidManifest.xml:13:17-82
70            <meta-data
70-->[:firebase_messaging] AndroidManifest.xml:38:13-40:85
71                android:name="com.google.firebase.components:io.flutter.plugins.firebase.messaging.FlutterFirebaseAppRegistrar"
71-->[:firebase_messaging] AndroidManifest.xml:39:17-128
72                android:value="com.google.firebase.components.ComponentRegistrar" />
72-->[:firebase_messaging] AndroidManifest.xml:40:17-82
73            <meta-data
73-->[:firebase_core] AndroidManifest.xml:11:13-13:85
74                android:name="com.google.firebase.components:io.flutter.plugins.firebase.core.FlutterFirebaseCoreRegistrar"
74-->[:firebase_core] AndroidManifest.xml:12:17-124
75                android:value="com.google.firebase.components.ComponentRegistrar" />
75-->[:firebase_core] AndroidManifest.xml:13:17-82
76            <meta-data
76-->[com.google.firebase:firebase-auth:21.0.7] AndroidManifest.xml:67:13-69:85
77                android:name="com.google.firebase.components:com.google.firebase.auth.FirebaseAuthRegistrar"
77-->[com.google.firebase:firebase-auth:21.0.7] AndroidManifest.xml:68:17-109
78                android:value="com.google.firebase.components.ComponentRegistrar" />
78-->[com.google.firebase:firebase-auth:21.0.7] AndroidManifest.xml:69:17-82
79            <meta-data
79-->[com.google.firebase:firebase-firestore:24.2.2] AndroidManifest.xml:20:13-22:85
80                android:name="com.google.firebase.components:com.google.firebase.firestore.FirestoreRegistrar"
80-->[com.google.firebase:firebase-firestore:24.2.2] AndroidManifest.xml:21:17-111
81                android:value="com.google.firebase.components.ComponentRegistrar" />
81-->[com.google.firebase:firebase-firestore:24.2.2] AndroidManifest.xml:22:17-82
82            <meta-data
82-->[com.google.firebase:firebase-messaging:23.0.7] AndroidManifest.xml:56:13-58:85
83                android:name="com.google.firebase.components:com.google.firebase.messaging.FirebaseMessagingRegistrar"
83-->[com.google.firebase:firebase-messaging:23.0.7] AndroidManifest.xml:57:17-119
84                android:value="com.google.firebase.components.ComponentRegistrar" />
84-->[com.google.firebase:firebase-messaging:23.0.7] AndroidManifest.xml:58:17-82
85            <meta-data
85-->[com.google.firebase:firebase-datatransport:18.1.5] AndroidManifest.xml:28:13-30:85
86                android:name="com.google.firebase.components:com.google.firebase.datatransport.TransportRegistrar"
86-->[com.google.firebase:firebase-datatransport:18.1.5] AndroidManifest.xml:29:17-115
87                android:value="com.google.firebase.components.ComponentRegistrar" />
87-->[com.google.firebase:firebase-datatransport:18.1.5] AndroidManifest.xml:30:17-82
88            <meta-data
88-->[com.google.firebase:firebase-installations:17.0.1] AndroidManifest.xml:18:13-20:85
89                android:name="com.google.firebase.components:com.google.firebase.installations.FirebaseInstallationsRegistrar"
89-->[com.google.firebase:firebase-installations:17.0.1] AndroidManifest.xml:19:17-127
90                android:value="com.google.firebase.components.ComponentRegistrar" />
90-->[com.google.firebase:firebase-installations:17.0.1] AndroidManifest.xml:20:17-82
91        </service>
92        <service
92-->[:firebase_messaging] AndroidManifest.xml:16:9-19:72
93            android:name="io.flutter.plugins.firebase.messaging.FlutterFirebaseMessagingBackgroundService"
93-->[:firebase_messaging] AndroidManifest.xml:17:13-107
94            android:exported="false"
94-->[:firebase_messaging] AndroidManifest.xml:18:13-37
95            android:permission="android.permission.BIND_JOB_SERVICE" />
95-->[:firebase_messaging] AndroidManifest.xml:19:13-69
96        <service
96-->[:firebase_messaging] AndroidManifest.xml:20:9-26:19
97            android:name="io.flutter.plugins.firebase.messaging.FlutterFirebaseMessagingService"
97-->[:firebase_messaging] AndroidManifest.xml:21:13-97
98            android:exported="false" >
98-->[:firebase_messaging] AndroidManifest.xml:22:13-37
99            <intent-filter>
99-->[:firebase_messaging] AndroidManifest.xml:23:13-25:29
100                <action android:name="com.google.firebase.MESSAGING_EVENT" />
100-->[:firebase_messaging] AndroidManifest.xml:24:17-78
100-->[:firebase_messaging] AndroidManifest.xml:24:25-75
101            </intent-filter>
102        </service>
103
104        <receiver
104-->[:firebase_messaging] AndroidManifest.xml:28:9-35:20
105            android:name="io.flutter.plugins.firebase.messaging.FlutterFirebaseMessagingReceiver"
105-->[:firebase_messaging] AndroidManifest.xml:29:13-98
106            android:exported="true"
106-->[:firebase_messaging] AndroidManifest.xml:30:13-36
107            android:permission="com.google.android.c2dm.permission.SEND" >
107-->[:firebase_messaging] AndroidManifest.xml:31:13-73
108            <intent-filter>
108-->[:firebase_messaging] AndroidManifest.xml:32:13-34:29
109                <action android:name="com.google.android.c2dm.intent.RECEIVE" />
109-->[:firebase_messaging] AndroidManifest.xml:33:17-81
109-->[:firebase_messaging] AndroidManifest.xml:33:25-78
110            </intent-filter>
111        </receiver>
112
113        <provider
113-->[:firebase_messaging] AndroidManifest.xml:43:9-47:38
114            android:name="io.flutter.plugins.firebase.messaging.FlutterFirebaseMessagingInitProvider"
114-->[:firebase_messaging] AndroidManifest.xml:44:13-102
115            android:authorities="com.example.sprint.flutterfirebasemessaginginitprovider"
115-->[:firebase_messaging] AndroidManifest.xml:45:13-88
116            android:exported="false"
116-->[:firebase_messaging] AndroidManifest.xml:46:13-37
117            android:initOrder="99" />
117-->[:firebase_messaging] AndroidManifest.xml:47:13-35
118
119        <uses-library
119-->[androidx.window:window:1.0.0-beta04] AndroidManifest.xml:25:9-27:40
120            android:name="androidx.window.extensions"
120-->[androidx.window:window:1.0.0-beta04] AndroidManifest.xml:26:13-54
121            android:required="false" />
121-->[androidx.window:window:1.0.0-beta04] AndroidManifest.xml:27:13-37
122        <uses-library
122-->[androidx.window:window:1.0.0-beta04] AndroidManifest.xml:28:9-30:40
123            android:name="androidx.window.sidecar"
123-->[androidx.window:window:1.0.0-beta04] AndroidManifest.xml:29:13-51
124            android:required="false" />
124-->[androidx.window:window:1.0.0-beta04] AndroidManifest.xml:30:13-37
125
126        <activity
126-->[com.google.firebase:firebase-auth:21.0.7] AndroidManifest.xml:27:9-44:20
127            android:name="com.google.firebase.auth.internal.GenericIdpActivity"
127-->[com.google.firebase:firebase-auth:21.0.7] AndroidManifest.xml:28:13-80
128            android:excludeFromRecents="true"
128-->[com.google.firebase:firebase-auth:21.0.7] AndroidManifest.xml:29:13-46
129            android:exported="true"
129-->[com.google.firebase:firebase-auth:21.0.7] AndroidManifest.xml:30:13-36
130            android:launchMode="singleTask"
130-->[com.google.firebase:firebase-auth:21.0.7] AndroidManifest.xml:31:13-44
131            android:theme="@android:style/Theme.Translucent.NoTitleBar" >
131-->[com.google.firebase:firebase-auth:21.0.7] AndroidManifest.xml:32:13-72
132            <intent-filter>
132-->[com.google.firebase:firebase-auth:21.0.7] AndroidManifest.xml:33:13-43:29
133                <action android:name="android.intent.action.VIEW" />
133-->[com.google.firebase:firebase-auth:21.0.7] AndroidManifest.xml:34:17-69
133-->[com.google.firebase:firebase-auth:21.0.7] AndroidManifest.xml:34:25-66
134
135                <category android:name="android.intent.category.DEFAULT" />
135-->[com.google.firebase:firebase-auth:21.0.7] AndroidManifest.xml:36:17-76
135-->[com.google.firebase:firebase-auth:21.0.7] AndroidManifest.xml:36:27-73
136                <category android:name="android.intent.category.BROWSABLE" />
136-->[com.google.firebase:firebase-auth:21.0.7] AndroidManifest.xml:37:17-78
136-->[com.google.firebase:firebase-auth:21.0.7] AndroidManifest.xml:37:27-75
137
138                <data
138-->[com.google.firebase:firebase-auth:21.0.7] AndroidManifest.xml:39:17-42:51
139                    android:host="firebase.auth"
139-->[com.google.firebase:firebase-auth:21.0.7] AndroidManifest.xml:40:21-49
140                    android:path="/"
140-->[com.google.firebase:firebase-auth:21.0.7] AndroidManifest.xml:41:21-37
141                    android:scheme="genericidp" />
141-->[com.google.firebase:firebase-auth:21.0.7] AndroidManifest.xml:42:21-48
142            </intent-filter>
143        </activity>
144        <activity
144-->[com.google.firebase:firebase-auth:21.0.7] AndroidManifest.xml:45:9-62:20
145            android:name="com.google.firebase.auth.internal.RecaptchaActivity"
145-->[com.google.firebase:firebase-auth:21.0.7] AndroidManifest.xml:46:13-79
146            android:excludeFromRecents="true"
146-->[com.google.firebase:firebase-auth:21.0.7] AndroidManifest.xml:47:13-46
147            android:exported="true"
147-->[com.google.firebase:firebase-auth:21.0.7] AndroidManifest.xml:48:13-36
148            android:launchMode="singleTask"
148-->[com.google.firebase:firebase-auth:21.0.7] AndroidManifest.xml:49:13-44
149            android:theme="@android:style/Theme.Translucent.NoTitleBar" >
149-->[com.google.firebase:firebase-auth:21.0.7] AndroidManifest.xml:50:13-72
150            <intent-filter>
150-->[com.google.firebase:firebase-auth:21.0.7] AndroidManifest.xml:51:13-61:29
151                <action android:name="android.intent.action.VIEW" />
151-->[com.google.firebase:firebase-auth:21.0.7] AndroidManifest.xml:34:17-69
151-->[com.google.firebase:firebase-auth:21.0.7] AndroidManifest.xml:34:25-66
152
153                <category android:name="android.intent.category.DEFAULT" />
153-->[com.google.firebase:firebase-auth:21.0.7] AndroidManifest.xml:36:17-76
153-->[com.google.firebase:firebase-auth:21.0.7] AndroidManifest.xml:36:27-73
154                <category android:name="android.intent.category.BROWSABLE" />
154-->[com.google.firebase:firebase-auth:21.0.7] AndroidManifest.xml:37:17-78
154-->[com.google.firebase:firebase-auth:21.0.7] AndroidManifest.xml:37:27-75
155
156                <data
156-->[com.google.firebase:firebase-auth:21.0.7] AndroidManifest.xml:39:17-42:51
157                    android:host="firebase.auth"
157-->[com.google.firebase:firebase-auth:21.0.7] AndroidManifest.xml:40:21-49
158                    android:path="/"
158-->[com.google.firebase:firebase-auth:21.0.7] AndroidManifest.xml:41:21-37
159                    android:scheme="recaptcha" />
159-->[com.google.firebase:firebase-auth:21.0.7] AndroidManifest.xml:42:21-48
160            </intent-filter>
161        </activity>
162
163        <receiver
163-->[com.google.firebase:firebase-messaging:23.0.7] AndroidManifest.xml:32:9-39:20
164            android:name="com.google.firebase.iid.FirebaseInstanceIdReceiver"
164-->[com.google.firebase:firebase-messaging:23.0.7] AndroidManifest.xml:33:13-78
165            android:exported="true"
165-->[com.google.firebase:firebase-messaging:23.0.7] AndroidManifest.xml:34:13-36
166            android:permission="com.google.android.c2dm.permission.SEND" >
166-->[com.google.firebase:firebase-messaging:23.0.7] AndroidManifest.xml:35:13-73
167            <intent-filter>
167-->[:firebase_messaging] AndroidManifest.xml:32:13-34:29
168                <action android:name="com.google.android.c2dm.intent.RECEIVE" />
168-->[:firebase_messaging] AndroidManifest.xml:33:17-81
168-->[:firebase_messaging] AndroidManifest.xml:33:25-78
169            </intent-filter>
170        </receiver>
171        <!--
172             FirebaseMessagingService performs security checks at runtime,
173             but set to not exported to explicitly avoid allowing another app to call it.
174        -->
175        <service
175-->[com.google.firebase:firebase-messaging:23.0.7] AndroidManifest.xml:45:9-52:19
176            android:name="com.google.firebase.messaging.FirebaseMessagingService"
176-->[com.google.firebase:firebase-messaging:23.0.7] AndroidManifest.xml:46:13-82
177            android:directBootAware="true"
177-->[com.google.firebase:firebase-messaging:23.0.7] AndroidManifest.xml:47:13-43
178            android:exported="false" >
178-->[com.google.firebase:firebase-messaging:23.0.7] AndroidManifest.xml:48:13-37
179            <intent-filter android:priority="-500" >
179-->[:firebase_messaging] AndroidManifest.xml:23:13-25:29
180                <action android:name="com.google.firebase.MESSAGING_EVENT" />
180-->[:firebase_messaging] AndroidManifest.xml:24:17-78
180-->[:firebase_messaging] AndroidManifest.xml:24:25-75
181            </intent-filter>
182        </service>
183
184        <provider
184-->[com.google.firebase:firebase-common:20.1.1] AndroidManifest.xml:26:9-31:39
185            android:name="com.google.firebase.provider.FirebaseInitProvider"
185-->[com.google.firebase:firebase-common:20.1.1] AndroidManifest.xml:27:13-77
186            android:authorities="com.example.sprint.firebaseinitprovider"
186-->[com.google.firebase:firebase-common:20.1.1] AndroidManifest.xml:28:13-72
187            android:directBootAware="true"
187-->[com.google.firebase:firebase-common:20.1.1] AndroidManifest.xml:29:13-43
188            android:exported="false"
188-->[com.google.firebase:firebase-common:20.1.1] AndroidManifest.xml:30:13-37
189            android:initOrder="100" />
189-->[com.google.firebase:firebase-common:20.1.1] AndroidManifest.xml:31:13-36
190
191        <activity
191-->[com.google.android.gms:play-services-base:18.0.1] AndroidManifest.xml:20:9-22:45
192            android:name="com.google.android.gms.common.api.GoogleApiActivity"
192-->[com.google.android.gms:play-services-base:18.0.1] AndroidManifest.xml:20:19-85
193            android:exported="false"
193-->[com.google.android.gms:play-services-base:18.0.1] AndroidManifest.xml:22:19-43
194            android:theme="@android:style/Theme.Translucent.NoTitleBar" />
194-->[com.google.android.gms:play-services-base:18.0.1] AndroidManifest.xml:21:19-78
195
196        <meta-data
196-->[com.google.android.gms:play-services-basement:18.0.0] AndroidManifest.xml:21:9-23:69
197            android:name="com.google.android.gms.version"
197-->[com.google.android.gms:play-services-basement:18.0.0] AndroidManifest.xml:22:13-58
198            android:value="@integer/google_play_services_version" />
198-->[com.google.android.gms:play-services-basement:18.0.0] AndroidManifest.xml:23:13-66
199
200        <service
200-->[com.google.android.datatransport:transport-backend-cct:3.1.6] AndroidManifest.xml:29:9-35:19
201            android:name="com.google.android.datatransport.runtime.backends.TransportBackendDiscovery"
201-->[com.google.android.datatransport:transport-backend-cct:3.1.6] AndroidManifest.xml:30:13-103
202            android:exported="false" >
202-->[com.google.android.datatransport:transport-backend-cct:3.1.6] AndroidManifest.xml:31:13-37
203            <meta-data
203-->[com.google.android.datatransport:transport-backend-cct:3.1.6] AndroidManifest.xml:32:13-34:39
204                android:name="backend:com.google.android.datatransport.cct.CctBackendFactory"
204-->[com.google.android.datatransport:transport-backend-cct:3.1.6] AndroidManifest.xml:33:17-94
205                android:value="cct" />
205-->[com.google.android.datatransport:transport-backend-cct:3.1.6] AndroidManifest.xml:34:17-36
206        </service>
207        <service
207-->[com.google.android.datatransport:transport-runtime:3.1.6] AndroidManifest.xml:26:9-30:19
208            android:name="com.google.android.datatransport.runtime.scheduling.jobscheduling.JobInfoSchedulerService"
208-->[com.google.android.datatransport:transport-runtime:3.1.6] AndroidManifest.xml:27:13-117
209            android:exported="false"
209-->[com.google.android.datatransport:transport-runtime:3.1.6] AndroidManifest.xml:28:13-37
210            android:permission="android.permission.BIND_JOB_SERVICE" >
210-->[com.google.android.datatransport:transport-runtime:3.1.6] AndroidManifest.xml:29:13-69
211        </service>
212
213        <receiver
213-->[com.google.android.datatransport:transport-runtime:3.1.6] AndroidManifest.xml:32:9-34:40
214            android:name="com.google.android.datatransport.runtime.scheduling.jobscheduling.AlarmManagerSchedulerBroadcastReceiver"
214-->[com.google.android.datatransport:transport-runtime:3.1.6] AndroidManifest.xml:33:13-132
215            android:exported="false" />
215-->[com.google.android.datatransport:transport-runtime:3.1.6] AndroidManifest.xml:34:13-37
216    </application>
217
218</manifest>